[1.767s] Invoking command in '/home/shimanto-khan/ros2_ws/src/turtle_control': DEBUGINFOD_URLS=https://debuginfod.ubuntu.com PYTHONPATH=/home/shimanto-khan/ros2_ws/build/turtle_control/prefix_override:/usr/lib/python3/dist-packages/colcon_core/task/python/colcon_distutils_commands:/home/shimanto-khan/ros2_ws/install/turtle_control/lib/python3.12/site-packages:${PYTHONPATH} /usr/bin/python3 -W ignore:setup.py install is deprecated -W ignore:easy_install command is deprecated setup.py egg_info --egg-base ../../build/turtle_control build --build-base /home/shimanto-khan/ros2_ws/build/turtle_control/build install --record /home/shimanto-khan/ros2_ws/build/turtle_control/install.log --single-version-externally-managed install_data
[2.363s] running egg_info
[2.410s] writing ../../build/turtle_control/turtle_control.egg-info/PKG-INFO
[2.411s] writing dependency_links to ../../build/turtle_control/turtle_control.egg-info/dependency_links.txt
[2.411s] writing entry points to ../../build/turtle_control/turtle_control.egg-info/entry_points.txt
[2.412s] writing requirements to ../../build/turtle_control/turtle_control.egg-info/requires.txt
[2.412s] writing top-level names to ../../build/turtle_control/turtle_control.egg-info/top_level.txt
[2.506s] reading manifest file '../../build/turtle_control/turtle_control.egg-info/SOURCES.txt'
[2.507s] writing manifest file '../../build/turtle_control/turtle_control.egg-info/SOURCES.txt'
[2.508s] running build
[2.508s] running build_py
[2.508s] running install
[2.524s] running install_lib
[2.576s] running install_data
[2.576s] running install_egg_info
[2.629s] removing '/home/shimanto-khan/ros2_ws/install/turtle_control/lib/python3.12/site-packages/turtle_control-0.0.1-py3.12.egg-info' (and everything under it)
[2.629s] Copying ../../build/turtle_control/turtle_control.egg-info to /home/shimanto-khan/ros2_ws/install/turtle_control/lib/python3.12/site-packages/turtle_control-0.0.1-py3.12.egg-info
[2.631s] running install_scripts
[2.921s] Installing figure8_driver script to /home/shimanto-khan/ros2_ws/install/turtle_control/lib/turtle_control
[2.922s] Installing trace_toggle_service script to /home/shimanto-khan/ros2_ws/install/turtle_control/lib/turtle_control
[2.922s] writing list of installed files to '/home/shimanto-khan/ros2_ws/build/turtle_control/install.log'
[2.975s] Invoked command in '/home/shimanto-khan/ros2_ws/src/turtle_control' returned '0': DEBUGINFOD_URLS=https://debuginfod.ubuntu.com PYTHONPATH=/home/shimanto-khan/ros2_ws/build/turtle_control/prefix_override:/usr/lib/python3/dist-packages/colcon_core/task/python/colcon_distutils_commands:/home/shimanto-khan/ros2_ws/install/turtle_control/lib/python3.12/site-packages:${PYTHONPATH} /usr/bin/python3 -W ignore:setup.py install is deprecated -W ignore:easy_install command is deprecated setup.py egg_info --egg-base ../../build/turtle_control build --build-base /home/shimanto-khan/ros2_ws/build/turtle_control/build install --record /home/shimanto-khan/ros2_ws/build/turtle_control/install.log --single-version-externally-managed install_data
