running egg_info
creating ../../build/turtle_control/turtle_control.egg-info
writing ../../build/turtle_control/turtle_control.egg-info/PKG-INFO
writing dependency_links to ../../build/turtle_control/turtle_control.egg-info/dependency_links.txt
writing entry points to ../../build/turtle_control/turtle_control.egg-info/entry_points.txt
writing requirements to ../../build/turtle_control/turtle_control.egg-info/requires.txt
writing top-level names to ../../build/turtle_control/turtle_control.egg-info/top_level.txt
writing manifest file '../../build/turtle_control/turtle_control.egg-info/SOURCES.txt'
reading manifest file '../../build/turtle_control/turtle_control.egg-info/SOURCES.txt'
writing manifest file '../../build/turtle_control/turtle_control.egg-info/SOURCES.txt'
running build
running build_py
creating /home/shimanto-khan/ros2_ws/build/turtle_control/build
creating /home/shimanto-khan/ros2_ws/build/turtle_control/build/lib
creating /home/shimanto-khan/ros2_ws/build/turtle_control/build/lib/turtle_control
copying turtle_control/__init__.py -> /home/shimanto-khan/ros2_ws/build/turtle_control/build/lib/turtle_control
copying turtle_control/figure8_driver.py -> /home/shimanto-khan/ros2_ws/build/turtle_control/build/lib/turtle_control
copying turtle_control/trace_toggle_service.py -> /home/shimanto-khan/ros2_ws/build/turtle_control/build/lib/turtle_control
running install
running install_lib
creating /home/shimanto-khan/ros2_ws/install/turtle_control/lib/python3.12/site-packages/turtle_control
copying /home/shimanto-khan/ros2_ws/build/turtle_control/build/lib/turtle_control/__init__.py -> /home/shimanto-khan/ros2_ws/install/turtle_control/lib/python3.12/site-packages/turtle_control
copying /home/shimanto-khan/ros2_ws/build/turtle_control/build/lib/turtle_control/figure8_driver.py -> /home/shimanto-khan/ros2_ws/install/turtle_control/lib/python3.12/site-packages/turtle_control
copying /home/shimanto-khan/ros2_ws/build/turtle_control/build/lib/turtle_control/trace_toggle_service.py -> /home/shimanto-khan/ros2_ws/install/turtle_control/lib/python3.12/site-packages/turtle_control
byte-compiling /home/shimanto-khan/ros2_ws/install/turtle_control/lib/python3.12/site-packages/turtle_control/__init__.py to __init__.cpython-312.pyc
byte-compiling /home/shimanto-khan/ros2_ws/install/turtle_control/lib/python3.12/site-packages/turtle_control/figure8_driver.py to figure8_driver.cpython-312.pyc
byte-compiling /home/shimanto-khan/ros2_ws/install/turtle_control/lib/python3.12/site-packages/turtle_control/trace_toggle_service.py to trace_toggle_service.cpython-312.pyc
running install_data
creating /home/shimanto-khan/ros2_ws/install/turtle_control/share/ament_index
creating /home/shimanto-khan/ros2_ws/install/turtle_control/share/ament_index/resource_index
creating /home/shimanto-khan/ros2_ws/install/turtle_control/share/ament_index/resource_index/packages
copying resource/turtle_control -> /home/shimanto-khan/ros2_ws/install/turtle_control/share/ament_index/resource_index/packages
copying package.xml -> /home/shimanto-khan/ros2_ws/install/turtle_control/share/turtle_control
creating /home/shimanto-khan/ros2_ws/install/turtle_control/share/turtle_control/launch
copying launch/bringup.launch.py -> /home/shimanto-khan/ros2_ws/install/turtle_control/share/turtle_control/launch
running install_egg_info
Copying ../../build/turtle_control/turtle_control.egg-info to /home/shimanto-khan/ros2_ws/install/turtle_control/lib/python3.12/site-packages/turtle_control-0.0.1-py3.12.egg-info
running install_scripts
Installing figure8_driver script to /home/shimanto-khan/ros2_ws/install/turtle_control/lib/turtle_control
Installing trace_toggle_service script to /home/shimanto-khan/ros2_ws/install/turtle_control/lib/turtle_control
writing list of installed files to '/home/shimanto-khan/ros2_ws/build/turtle_control/install.log'
