[1.868s] Invoking command in '/home/shimanto-khan/ros2_ws/src/turtle_control': DEBUGINFOD_URLS=https://debuginfod.ubuntu.com PYTHONPATH=/home/shimanto-khan/ros2_ws/build/turtle_control/prefix_override:/usr/lib/python3/dist-packages/colcon_core/task/python/colcon_distutils_commands:/home/shimanto-khan/ros2_ws/install/turtle_control/lib/python3.12/site-packages:${PYTHONPATH} /usr/bin/python3 -W ignore:setup.py install is deprecated -W ignore:easy_install command is deprecated setup.py egg_info --egg-base ../../build/turtle_control build --build-base /home/shimanto-khan/ros2_ws/build/turtle_control/build install --record /home/shimanto-khan/ros2_ws/build/turtle_control/install.log --single-version-externally-managed install_data
[2.446s] running egg_info
[2.447s] creating ../../build/turtle_control/turtle_control.egg-info
[2.490s] writing ../../build/turtle_control/turtle_control.egg-info/PKG-INFO
[2.491s] writing dependency_links to ../../build/turtle_control/turtle_control.egg-info/dependency_links.txt
[2.491s] writing entry points to ../../build/turtle_control/turtle_control.egg-info/entry_points.txt
[2.491s] writing requirements to ../../build/turtle_control/turtle_control.egg-info/requires.txt
[2.491s] writing top-level names to ../../build/turtle_control/turtle_control.egg-info/top_level.txt
[2.492s] writing manifest file '../../build/turtle_control/turtle_control.egg-info/SOURCES.txt'
[2.584s] reading manifest file '../../build/turtle_control/turtle_control.egg-info/SOURCES.txt'
[2.585s] writing manifest file '../../build/turtle_control/turtle_control.egg-info/SOURCES.txt'
[2.585s] running build
[2.585s] running build_py
[2.586s] creating /home/shimanto-khan/ros2_ws/build/turtle_control/build
[2.586s] creating /home/shimanto-khan/ros2_ws/build/turtle_control/build/lib
[2.586s] creating /home/shimanto-khan/ros2_ws/build/turtle_control/build/lib/turtle_control
[2.586s] copying turtle_control/__init__.py -> /home/shimanto-khan/ros2_ws/build/turtle_control/build/lib/turtle_control
[2.586s] copying turtle_control/figure8_driver.py -> /home/shimanto-khan/ros2_ws/build/turtle_control/build/lib/turtle_control
[2.587s] copying turtle_control/trace_toggle_service.py -> /home/shimanto-khan/ros2_ws/build/turtle_control/build/lib/turtle_control
[2.587s] running install
[2.600s] running install_lib
[2.648s] creating /home/shimanto-khan/ros2_ws/install/turtle_control/lib/python3.12/site-packages/turtle_control
[2.648s] copying /home/shimanto-khan/ros2_ws/build/turtle_control/build/lib/turtle_control/__init__.py -> /home/shimanto-khan/ros2_ws/install/turtle_control/lib/python3.12/site-packages/turtle_control
[2.648s] copying /home/shimanto-khan/ros2_ws/build/turtle_control/build/lib/turtle_control/figure8_driver.py -> /home/shimanto-khan/ros2_ws/install/turtle_control/lib/python3.12/site-packages/turtle_control
[2.648s] copying /home/shimanto-khan/ros2_ws/build/turtle_control/build/lib/turtle_control/trace_toggle_service.py -> /home/shimanto-khan/ros2_ws/install/turtle_control/lib/python3.12/site-packages/turtle_control
[2.649s] byte-compiling /home/shimanto-khan/ros2_ws/install/turtle_control/lib/python3.12/site-packages/turtle_control/__init__.py to __init__.cpython-312.pyc
[2.650s] byte-compiling /home/shimanto-khan/ros2_ws/install/turtle_control/lib/python3.12/site-packages/turtle_control/figure8_driver.py to figure8_driver.cpython-312.pyc
[2.651s] byte-compiling /home/shimanto-khan/ros2_ws/install/turtle_control/lib/python3.12/site-packages/turtle_control/trace_toggle_service.py to trace_toggle_service.cpython-312.pyc
[2.652s] running install_data
[2.652s] creating /home/shimanto-khan/ros2_ws/install/turtle_control/share/ament_index
[2.653s] creating /home/shimanto-khan/ros2_ws/install/turtle_control/share/ament_index/resource_index
[2.653s] creating /home/shimanto-khan/ros2_ws/install/turtle_control/share/ament_index/resource_index/packages
[2.653s] copying resource/turtle_control -> /home/shimanto-khan/ros2_ws/install/turtle_control/share/ament_index/resource_index/packages
[2.653s] copying package.xml -> /home/shimanto-khan/ros2_ws/install/turtle_control/share/turtle_control
[2.653s] creating /home/shimanto-khan/ros2_ws/install/turtle_control/share/turtle_control/launch
[2.654s] copying launch/bringup.launch.py -> /home/shimanto-khan/ros2_ws/install/turtle_control/share/turtle_control/launch
[2.654s] running install_egg_info
[2.701s] Copying ../../build/turtle_control/turtle_control.egg-info to /home/shimanto-khan/ros2_ws/install/turtle_control/lib/python3.12/site-packages/turtle_control-0.0.1-py3.12.egg-info
[2.702s] running install_scripts
[2.987s] Installing figure8_driver script to /home/shimanto-khan/ros2_ws/install/turtle_control/lib/turtle_control
[2.988s] Installing trace_toggle_service script to /home/shimanto-khan/ros2_ws/install/turtle_control/lib/turtle_control
[2.988s] writing list of installed files to '/home/shimanto-khan/ros2_ws/build/turtle_control/install.log'
[3.037s] Invoked command in '/home/shimanto-khan/ros2_ws/src/turtle_control' returned '0': DEBUGINFOD_URLS=https://debuginfod.ubuntu.com PYTHONPATH=/home/shimanto-khan/ros2_ws/build/turtle_control/prefix_override:/usr/lib/python3/dist-packages/colcon_core/task/python/colcon_distutils_commands:/home/shimanto-khan/ros2_ws/install/turtle_control/lib/python3.12/site-packages:${PYTHONPATH} /usr/bin/python3 -W ignore:setup.py install is deprecated -W ignore:easy_install command is deprecated setup.py egg_info --egg-base ../../build/turtle_control build --build-base /home/shimanto-khan/ros2_ws/build/turtle_control/build install --record /home/shimanto-khan/ros2_ws/build/turtle_control/install.log --single-version-externally-managed install_data
