[1.856s] Invoking command in '/home/shimanto-khan/ros2_ws/src/turtle_control': DEBUGINFOD_URLS=https://debuginfod.ubuntu.com PYTHONPATH=/home/shimanto-khan/ros2_ws/build/turtle_control/prefix_override:/usr/lib/python3/dist-packages/colcon_core/task/python/colcon_distutils_commands:/home/shimanto-khan/ros2_ws/install/turtle_control/lib/python3.12/site-packages:${PYTHONPATH} /usr/bin/python3 -W ignore:setup.py install is deprecated -W ignore:easy_install command is deprecated setup.py egg_info --egg-base ../../build/turtle_control build --build-base /home/shimanto-khan/ros2_ws/build/turtle_control/build install --record /home/shimanto-khan/ros2_ws/build/turtle_control/install.log --single-version-externally-managed install_data
[2.536s] running egg_info
[2.595s] writing ../../build/turtle_control/turtle_control.egg-info/PKG-INFO
[2.597s] writing dependency_links to ../../build/turtle_control/turtle_control.egg-info/dependency_links.txt
[2.597s] writing entry points to ../../build/turtle_control/turtle_control.egg-info/entry_points.txt
[2.597s] writing requirements to ../../build/turtle_control/turtle_control.egg-info/requires.txt
[2.598s] writing top-level names to ../../build/turtle_control/turtle_control.egg-info/top_level.txt
[2.765s] reading manifest file '../../build/turtle_control/turtle_control.egg-info/SOURCES.txt'
[2.767s] writing manifest file '../../build/turtle_control/turtle_control.egg-info/SOURCES.txt'
[2.767s] running build
[2.768s] running build_py
[2.768s] running install
[2.792s] running install_lib
[2.882s] running install_data
[2.882s] running install_egg_info
[2.951s] removing '/home/shimanto-khan/ros2_ws/install/turtle_control/lib/python3.12/site-packages/turtle_control-0.0.1-py3.12.egg-info' (and everything under it)
[2.951s] Copying ../../build/turtle_control/turtle_control.egg-info to /home/shimanto-khan/ros2_ws/install/turtle_control/lib/python3.12/site-packages/turtle_control-0.0.1-py3.12.egg-info
[2.954s] running install_scripts
[3.469s] Installing figure8_driver script to /home/shimanto-khan/ros2_ws/install/turtle_control/lib/turtle_control
[3.473s] Installing trace_toggle_service script to /home/shimanto-khan/ros2_ws/install/turtle_control/lib/turtle_control
[3.474s] writing list of installed files to '/home/shimanto-khan/ros2_ws/build/turtle_control/install.log'
[3.569s] Invoked command in '/home/shimanto-khan/ros2_ws/src/turtle_control' returned '0': DEBUGINFOD_URLS=https://debuginfod.ubuntu.com PYTHONPATH=/home/shimanto-khan/ros2_ws/build/turtle_control/prefix_override:/usr/lib/python3/dist-packages/colcon_core/task/python/colcon_distutils_commands:/home/shimanto-khan/ros2_ws/install/turtle_control/lib/python3.12/site-packages:${PYTHONPATH} /usr/bin/python3 -W ignore:setup.py install is deprecated -W ignore:easy_install command is deprecated setup.py egg_info --egg-base ../../build/turtle_control build --build-base /home/shimanto-khan/ros2_ws/build/turtle_control/build install --record /home/shimanto-khan/ros2_ws/build/turtle_control/install.log --single-version-externally-managed install_data
